commit 6428bd174000816db20dc0a64e977c12f04d22f2
Author: AleksiSupikoski <54030510+AleksiSupikoski@users.noreply.github.com>
Date:   Fri Apr 14 05:41:13 2023 +0300

    Update README.md

commit 9da348a8ef2a21be02ea2e5075758d1bb3c278ee
Author: AleksiSupikoski <54030510+AleksiSupikoski@users.noreply.github.com>
Date:   Fri Apr 14 05:34:48 2023 +0300

    Update assignment-3-report.md

commit f7cf75108cab9c8f8ce04ca22f91f0cdd00e1bc8
Author: AleksiSupikoski <54030510+AleksiSupikoski@users.noreply.github.com>
Date:   Fri Apr 14 05:34:02 2023 +0300

    add arch img

commit 5eb7692f4856202614db7843e205d85659f550b7
Author: AleksiSupikoski <54030510+AleksiSupikoski@users.noreply.github.com>
Date:   Fri Apr 14 05:33:40 2023 +0300

    Update assignment-3-report.md

commit fe7f09356645a4095d73da0be4fc078adea3263b
Author: AleksiSupikoski <54030510+AleksiSupikoski@users.noreply.github.com>
Date:   Fri Apr 14 05:08:42 2023 +0300

    Update assignment-3-report.md

commit 97810e6e76e9146ca1ebff3ab6e46c676dfa9fd0
Author: AleksiSupikoski <54030510+AleksiSupikoski@users.noreply.github.com>
Date:   Fri Apr 14 05:03:15 2023 +0300

    Update assignment-3-deployment.md

commit 4745ff040bdd8923d14d3fa3e9b7bde0e86217e4
Author: AleksiSupikoski <54030510+AleksiSupikoski@users.noreply.github.com>
Date:   Fri Apr 14 05:02:29 2023 +0300

    Create assignment-3-deployment.md

commit 86d1cd60b39294bf5fc576faa416876494aa9ac0
Author: AleksiSupikoski <54030510+AleksiSupikoski@users.noreply.github.com>
Date:   Fri Apr 14 04:54:59 2023 +0300

    Update assignment-3-report.md

commit 95954249eea9ac5431875f48bd53773ea5d7a6aa
Author: AleksiSupikoski <54030510+AleksiSupikoski@users.noreply.github.com>
Date:   Fri Apr 14 04:53:05 2023 +0300

    Update assignment-3-report.md

commit 2ac7c2280c463512f6ddf8f9766b92ff85dcf2d8
Author: AleksiSupikoski <54030510+AleksiSupikoski@users.noreply.github.com>
Date:   Fri Apr 14 04:42:14 2023 +0300

    floff

commit 06af06aecbba8c5aef92e930ac1fc5b2e6dca18a
Author: AleksiSupikoski <54030510+AleksiSupikoski@users.noreply.github.com>
Date:   Fri Apr 14 04:41:55 2023 +0300

    Update assignment-3-report.md

commit 1a603fbe8455f523c788713893e4b8f4dcec45f2
Author: AleksiSupikoski <54030510+AleksiSupikoski@users.noreply.github.com>
Date:   Fri Apr 14 04:37:04 2023 +0300

    addflow

commit 607223f5c9a3bc001db14663fac60201774485ab
Author: AleksiSupikoski <54030510+AleksiSupikoski@users.noreply.github.com>
Date:   Fri Apr 14 04:36:41 2023 +0300

    Update assignment-3-report.md

commit 269b16528763748b0af936c55e9cced0d6de79a1
Author: AleksiSupikoski <54030510+AleksiSupikoski@users.noreply.github.com>
Date:   Fri Apr 14 04:13:59 2023 +0300

    Update assignment-3-report.md

commit e20af94439b1eac674eb3c8bb2dec271a09dce56
Author: AleksiSupikoski <54030510+AleksiSupikoski@users.noreply.github.com>
Date:   Fri Apr 14 04:10:20 2023 +0300

    Update assignment-3-report.md

commit a426c6a5807e3bf90ef20c8bd3b8f66049bacf66
Author: AleksiSupikoski <54030510+AleksiSupikoski@users.noreply.github.com>
Date:   Fri Apr 14 03:00:59 2023 +0300

    Update assignment-3-report.md

commit 282814bbafae2b249e23e9e4cccf53a8138074d1
Author: AleksiSupikoski <54030510+AleksiSupikoski@users.noreply.github.com>
Date:   Fri Apr 14 02:58:44 2023 +0300

    Update assignment-3-report.md

commit d796998c9cd3a839eac5c8735b12a3b5db82b542
Author: AleksiSupikoski <54030510+AleksiSupikoski@users.noreply.github.com>
Date:   Fri Apr 14 02:54:49 2023 +0300

    data add

commit ac04181926964f079366092929e99686b872a0d0
Author: AleksiSupikoski <54030510+AleksiSupikoski@users.noreply.github.com>
Date:   Fri Apr 14 02:53:57 2023 +0300

    s

commit 4ada8b8e422048b771c71e47e26556f903269c35
Author: AleksiSupikoski <54030510+AleksiSupikoski@users.noreply.github.com>
Date:   Fri Apr 14 02:52:06 2023 +0300

    add yml

commit 2c210abed5449759bea0bfa5def1169303a165a1
Author: AleksiSupikoski <54030510+AleksiSupikoski@users.noreply.github.com>
Date:   Fri Apr 14 02:49:19 2023 +0300

    update

commit e31341a2029db594550328aaa91c50f54ec14d78
Author: AleksiSupikoski <54030510+AleksiSupikoski@users.noreply.github.com>
Date:   Fri Apr 14 02:47:55 2023 +0300

    Create tenantstreamapp1.py

commit 6cc02f9b86c85ea5a6220a9c5526024fb116a556
Author: AleksiSupikoski <54030510+AleksiSupikoski@users.noreply.github.com>
Date:   Fri Apr 14 02:43:01 2023 +0300

    upload

commit 9c659fddb2a9ec0bd6700fbfce4f257004df9c0a
Author: AleksiSupikoski <54030510+AleksiSupikoski@users.noreply.github.com>
Date:   Fri Apr 14 02:41:06 2023 +0300

    Create producer2.py

commit 7c44232225c64c5acb5a6b6b32332b7608fa03b5
Author: AleksiSupikoski <54030510+AleksiSupikoski@users.noreply.github.com>
Date:   Fri Apr 14 02:39:13 2023 +0300

    producers

commit 0a3b3dd02d105a575d9bc3c5bd6e921bb84a8ced
Author: AleksiSupikoski <54030510+AleksiSupikoski@users.noreply.github.com>
Date:   Fri Apr 14 02:31:43 2023 +0300

    Update assignment-3-report.md

commit 70ba0b198e434d71893433a33c5f0dda840dbb3b
Author: AleksiSupikoski <54030510+AleksiSupikoski@users.noreply.github.com>
Date:   Fri Apr 14 02:31:08 2023 +0300

    Update assignment-3-report.md

commit a67f560e93f3c4921bc96b8566b9c5581f582278
Author: AleksiSupikoski <54030510+AleksiSupikoski@users.noreply.github.com>
Date:   Fri Apr 14 02:25:11 2023 +0300

    Update assignment-3-report.md

commit 2717cd98d5a90e1b5146d30a77d70466eefd3efc
Author: AleksiSupikoski <54030510+AleksiSupikoski@users.noreply.github.com>
Date:   Fri Apr 14 02:22:55 2023 +0300

    Update assignment-3-report.md

commit e025a162408113a7246bf1ec10451fa9accf16aa
Author: AleksiSupikoski <54030510+AleksiSupikoski@users.noreply.github.com>
Date:   Fri Apr 14 02:21:32 2023 +0300

    Update assignment-3-report.md

commit 2439de0f3a23baa2bf3b213632b2ca266d5ea5c1
Author: AleksiSupikoski <54030510+AleksiSupikoski@users.noreply.github.com>
Date:   Fri Apr 14 01:52:35 2023 +0300

    Update assignment-3-report.md

commit cbc6ebe046ca563a80c92f1a0598ba7fae9033d2
Author: AleksiSupikoski <54030510+AleksiSupikoski@users.noreply.github.com>
Date:   Fri Apr 14 01:50:51 2023 +0300

    Update assignment-3-report.md

commit 7de820dfa86ad16b29f572bc46824366a682de8d
Author: AleksiSupikoski <54030510+AleksiSupikoski@users.noreply.github.com>
Date:   Fri Apr 14 01:48:35 2023 +0300

    Update assignment-3-report.md

commit 78e3102607088d50937e4eca8e37b3094dd00a3e
Author: AleksiSupikoski <54030510+AleksiSupikoski@users.noreply.github.com>
Date:   Fri Apr 14 01:45:23 2023 +0300

    Update assignment-3-report.md

commit 296eb78021a576510fb142a0cd2da5e49c0a87b9
Author: AleksiSupikoski <54030510+AleksiSupikoski@users.noreply.github.com>
Date:   Fri Apr 14 01:36:21 2023 +0300

    Update assignment-3-report.md

commit 88532c302ca00fa40e88471a70cf51c3034d1ab0
Author: AleksiSupikoski <54030510+AleksiSupikoski@users.noreply.github.com>
Date:   Fri Apr 14 01:35:06 2023 +0300

    Update assignment-3-report.md

commit d1644f7440f18e33a7f2160d2cef5db96931cbcc
Author: AleksiSupikoski <54030510+AleksiSupikoski@users.noreply.github.com>
Date:   Fri Apr 14 01:31:52 2023 +0300

    Update assignment-3-report.md

commit 71e865981eaed9556cfd4455086cf19df18d75bd
Author: AleksiSupikoski <54030510+AleksiSupikoski@users.noreply.github.com>
Date:   Fri Apr 14 01:25:35 2023 +0300

    Update assignment-3-report.md

commit 81d0aa71153376596761b703d1dbe2a9dadb124f
Author: AleksiSupikoski <54030510+AleksiSupikoski@users.noreply.github.com>
Date:   Fri Apr 14 01:22:12 2023 +0300

    Update assignment-3-report.md

commit f5d103cfdf2a7dfe514c3e937066206555db74aa
Author: AleksiSupikoski <54030510+AleksiSupikoski@users.noreply.github.com>
Date:   Fri Apr 14 01:20:33 2023 +0300

    Update assignment-3-report.md

commit 48b319108126403fcd1e7ea84278778ac19fdd47
Author: AleksiSupikoski <54030510+AleksiSupikoski@users.noreply.github.com>
Date:   Fri Apr 14 01:18:39 2023 +0300

    outotut

commit 9575e17c4e24022acd4bcbc88405485f75e29b46
Author: AleksiSupikoski <54030510+AleksiSupikoski@users.noreply.github.com>
Date:   Fri Apr 14 01:15:05 2023 +0300

    Update assignment-3-report.md

commit 63aab75d4cecdeb3521cf9e1cc6a48524dea65ee
Author: AleksiSupikoski <54030510+AleksiSupikoski@users.noreply.github.com>
Date:   Fri Apr 14 01:12:49 2023 +0300

    Update assignment-3-report.md

commit 6119e70dc5cf1ad623b2524d2476d3e45bb5b9f7
Author: AleksiSupikoski <54030510+AleksiSupikoski@users.noreply.github.com>
Date:   Fri Apr 14 01:11:33 2023 +0300

    update warn file

commit 292803c552c2062bcf92efc7afbf81f1d7e4d606
Author: AleksiSupikoski <54030510+AleksiSupikoski@users.noreply.github.com>
Date:   Fri Apr 14 01:11:09 2023 +0300

    Create warn.png

commit 931431036ad137c3685a58ea62f7ca0f56b083b9
Author: AleksiSupikoski <54030510+AleksiSupikoski@users.noreply.github.com>
Date:   Fri Apr 14 01:10:45 2023 +0300

    Update assignment-3-report.md

commit f9778c9669c843ca1ca3aa0f397a03b882ea9f52
Author: AleksiSupikoski <54030510+AleksiSupikoski@users.noreply.github.com>
Date:   Fri Apr 14 01:05:02 2023 +0300

    Update assignment-3-report.md

commit 36b8e4b0b1001e7c1e166ffe952e667f944f56b4
Author: AleksiSupikoski <54030510+AleksiSupikoski@users.noreply.github.com>
Date:   Fri Apr 14 00:53:47 2023 +0300

    Update assignment-3-report.md

commit aaf7171f593e0ceb29585e592dadf7652cdc3972
Author: AleksiSupikoski <54030510+AleksiSupikoski@users.noreply.github.com>
Date:   Fri Apr 14 00:28:24 2023 +0300

    Update assignment-3-report.md

commit 429998c30c4f8c67d071c600eee778205725fc24
Author: AleksiSupikoski <54030510+AleksiSupikoski@users.noreply.github.com>
Date:   Fri Apr 14 00:25:10 2023 +0300

    Update assignment-3-report.md

commit 5e92b574318928736218735e7baf00280f9af45a
Author: AleksiSupikoski <54030510+AleksiSupikoski@users.noreply.github.com>
Date:   Fri Apr 14 00:23:55 2023 +0300

    Update assignment-3-report.md

commit 5d9f5cdc7d9b600288e53f81788083bd93deec75
Author: AleksiSupikoski <54030510+AleksiSupikoski@users.noreply.github.com>
Date:   Fri Apr 14 00:20:46 2023 +0300

    Update assignment-3-report.md

commit d83f738fb6f0bfb23b0658d71655868a265ffdc6
Author: AleksiSupikoski <54030510+AleksiSupikoski@users.noreply.github.com>
Date:   Fri Apr 14 00:19:02 2023 +0300

    Update assignment-3-report.md

commit 4d863852810c8bec023e78703448a46e80c2b62c
Author: AleksiSupikoski <54030510+AleksiSupikoski@users.noreply.github.com>
Date:   Fri Apr 14 00:17:31 2023 +0300

    Update assignment-3-report.md

commit 2a1fb995eb5b738931894b7565e0e673d24c029a
Author: AleksiSupikoski <54030510+AleksiSupikoski@users.noreply.github.com>
Date:   Fri Apr 14 00:12:35 2023 +0300

    Update assignment-3-report.md

commit 7be6ca0e6b3b3677285039bd4d222ef6f30ee130
Author: AleksiSupikoski <54030510+AleksiSupikoski@users.noreply.github.com>
Date:   Fri Apr 14 00:04:08 2023 +0300

    Update assignment-3-report.md

commit c6a502b75af3cf127a002829fccfe8f90c6ee283
Author: AleksiSupikoski <54030510+AleksiSupikoski@users.noreply.github.com>
Date:   Thu Apr 13 23:59:19 2023 +0300

    Update assignment-3-report.md

commit ef6dafbca046beb96ac810aa401781cf395354ba
Author: AleksiSupikoski <54030510+AleksiSupikoski@users.noreply.github.com>
Date:   Thu Apr 13 23:49:59 2023 +0300

    Update assignment-3-report.md

commit 5f280f61c54e22e8631fba576fc12f07589f32a9
Author: AleksiSupikoski <54030510+AleksiSupikoski@users.noreply.github.com>
Date:   Thu Apr 13 23:11:44 2023 +0300

    Update assignment-3-report.md

commit dc55bd2b2e32af48395e20cf628108f17b7fbd17
Author: AleksiSupikoski <54030510+AleksiSupikoski@users.noreply.github.com>
Date:   Thu Apr 13 23:10:01 2023 +0300

    Update assignment-3-report.md

commit 4afcc35a424fbb4e8bf17800008f42c6e6461ecb
Author: AleksiSupikoski <54030510+AleksiSupikoski@users.noreply.github.com>
Date:   Thu Apr 13 23:07:44 2023 +0300

    Update assignment-3-report.md

commit bd526dc3b2855ea429d68dd72b72694db3413b5c
Author: AleksiSupikoski <54030510+AleksiSupikoski@users.noreply.github.com>
Date:   Thu Apr 13 22:39:04 2023 +0300

    Update assignment-3-report.md

commit 9b6d9948b8822a727e90c5a8b2473d6941ac2f06
Author: AleksiSupikoski <54030510+AleksiSupikoski@users.noreply.github.com>
Date:   Thu Apr 13 21:59:18 2023 +0300

    Update assignment-3-report.md

commit 8330ca458efe17326ad8f5bc0dc33a355f5cf158
Author: AleksiSupikoski <54030510+AleksiSupikoski@users.noreply.github.com>
Date:   Thu Apr 13 21:57:51 2023 +0300

    Update assignment-3-report.md

commit f1ffb092d90316c75afa86f26d2b293718302855
Author: AleksiSupikoski <54030510+AleksiSupikoski@users.noreply.github.com>
Date:   Thu Apr 13 21:57:19 2023 +0300

    Update assignment-3-report.md

commit fa6b20ddba3fabe23d381ea4990e1af83cd35dff
Author: AleksiSupikoski <54030510+AleksiSupikoski@users.noreply.github.com>
Date:   Thu Apr 13 21:40:38 2023 +0300

    Update assignment-3-report.md

commit d8fd3a1752e6a8811aec0aea7d36ebd4fdc2f212
Author: AleksiSupikoski <54030510+AleksiSupikoski@users.noreply.github.com>
Date:   Thu Apr 13 20:52:09 2023 +0300

    Update assignment-3-report.md

commit c39dc31bd344eba0bc97995c69d5e2669a3d1216
Author: AleksiSupikoski <54030510+AleksiSupikoski@users.noreply.github.com>
Date:   Thu Apr 13 20:40:58 2023 +0300

    Update assignment-3-report.md

commit 0292eb9fda05f42cf5b3eae2e82bc2c9fb1cb3a8
Author: AleksiSupikoski <54030510+AleksiSupikoski@users.noreply.github.com>
Date:   Thu Apr 13 20:13:18 2023 +0300

    Update assignment-3-report.md

commit fb3e46d042166df52773491b0c04c6b42d8386c7
Author: AleksiSupikoski <54030510+AleksiSupikoski@users.noreply.github.com>
Date:   Thu Apr 13 20:07:49 2023 +0300

    Update assignment-3-report.md

commit 19ac0e3941b1bbb193df88cea9c5c2b143f1ec85
Author: AleksiSupikoski <54030510+AleksiSupikoski@users.noreply.github.com>
Date:   Thu Apr 13 20:07:20 2023 +0300

    Update assignment-3-report.md

commit 845115bf2dcc01c5e632c4179406c9f426ed3c95
Author: AleksiSupikoski <54030510+AleksiSupikoski@users.noreply.github.com>
Date:   Thu Apr 13 20:06:38 2023 +0300

    Update assignment-3-report.md

commit 376bc9fb351d214b1ff34ccb0252a24821c9c777
Author: AleksiSupikoski <54030510+AleksiSupikoski@users.noreply.github.com>
Date:   Thu Apr 13 19:48:59 2023 +0300

    Update assignment-3-report.md

commit a364e798696f93c409faefa91c4e148fddbb37e1
Author: AleksiSupikoski <54030510+AleksiSupikoski@users.noreply.github.com>
Date:   Thu Apr 13 19:47:56 2023 +0300

    Update assignment-3-report.md

commit f6e6b78f95dffa997891b3b6b67ef65187d9d67b
Author: AleksiSupikoski <54030510+AleksiSupikoski@users.noreply.github.com>
Date:   Thu Apr 13 19:47:31 2023 +0300

    Update and rename assignment-2-report.md to assignment-3-report.md

commit 77862e0090578eb2857f6ead7f1661d0677f3b2f
Author: AleksiSupikoski <54030510+AleksiSupikoski@users.noreply.github.com>
Date:   Thu Apr 13 19:46:59 2023 +0300

    Create assignment-2-report.md

commit 07898cd1c6c9bfdbb684c7131564e5d72fc577f2
Author: AleksiSupikoski <54030510+AleksiSupikoski@users.noreply.github.com>
Date:   Thu Apr 13 19:46:11 2023 +0300

    Initial commit
